<?xml version="1.0" encoding="utf-8"?>
<coverage line-rate="0.8295999999999999" branch-rate="0.7666" version="1.9" timestamp="1779971101" lines-covered="1247" lines-valid="1503" branches-covered="368" branches-valid="480">
  <sources>
    <source>C:\Users\Asus\Documents\GitHub\Votify\src\Votify.Domain\</source>
  </sources>
  <packages>
    <package name="Votify.Domain" line-rate="0.8295999999999999" branch-rate="0.7666" complexity="896">
      <classes>
        <class name="Votify.Domain.VoteFolder.ExpertVote" filename="VoteFolder\ExpertVote.cs" line-rate="0.75" branch-rate="1" complexity="2">
          <methods>
            <method name=".ctor" signature="()" line-rate="0" branch-rate="1" complexity="1">
              <lines>
                <line number="5" hits="0" branch="False" />
              </lines>
            </method>
            <method name=".ctor" signature="(System.String,System.String,System.String,System.String,System.Int32,System.String,System.Nullable`1&lt;System.Int32&gt;)" line-rate="1" branch-rate="1" complexity="1">
              <lines>
                <line number="9" hits="2" branch="False" />
                <line number="10" hits="2" branch="False" />
                <line number="11" hits="2" branch="False" />
              </lines>
            </method>
          </methods>
          <lines>
            <line number="5" hits="0" branch="False" />
            <line number="9" hits="2" branch="False" />
            <line number="10" hits="2" branch="False" />
            <line number="11" hits="2" branch="False" />
          </lines>
        </class>
        <class name="Votify.Domain.VoteFolder.VoteChangedEvent" filename="VoteFolder\IVoteSubject.cs" line-rate="0" branch-rate="1" complexity="1">
          <methods>
            <method name="get_EventId" signature="()" line-rate="0" branch-rate="1" complexity="1">
              <lines>
                <line number="3" hits="0" branch="False" />
              </lines>
            </method>
          </methods>
          <lines>
            <line number="3" hits="0" branch="False" />
          </lines>
        </class>
        <class name="Votify.Domain.VoteFolder.PublicVote" filename="VoteFolder\PublicVote.cs" line-rate="0.75" branch-rate="1" complexity="2">
          <methods>
            <method name=".ctor" signature="()" line-rate="0" branch-rate="1" complexity="1">
              <lines>
                <line number="5" hits="0" branch="False" />
              </lines>
            </method>
            <method name=".ctor" signature="(System.String,System.String,System.String,System.String,System.Int32,System.String,System.Nullable`1&lt;System.Int32&gt;)" line-rate="1" branch-rate="1" complexity="1">
              <lines>
                <line number="9" hits="25" branch="False" />
                <line number="10" hits="25" branch="False" />
                <line number="11" hits="25" branch="False" />
              </lines>
            </method>
          </methods>
          <lines>
            <line number="5" hits="0" branch="False" />
            <line number="9" hits="25" branch="False" />
            <line number="10" hits="25" branch="False" />
            <line number="11" hits="25" branch="False" />
          </lines>
        </class>
        <class name="Votify.Domain.VoteFolder.Vote" filename="VoteFolder\Vote.cs" line-rate="0.9677" branch-rate="1" complexity="14">
          <methods>
            <method name="get_Id" signature="()" line-rate="1" branch-rate="1" complexity="1">
              <lines>
                <line number="8" hits="66" branch="False" />
              </lines>
            </method>
            <method name="get_VotingSessionId" signature="()" line-rate="1" branch-rate="1" complexity="1">
              <lines>
                <line number="9" hits="41" branch="False" />
              </lines>
            </method>
            <method name="get_VotedProjectId" signature="()" line-rate="1" branch-rate="1" complexity="1">
              <lines>
                <line number="10" hits="53" branch="False" />
              </lines>
            </method>
            <method name="get_UserId" signature="()" line-rate="1" branch-rate="1" complexity="1">
              <lines>
                <line number="11" hits="51" branch="False" />
              </lines>
            </method>
            <method name="get_CategoryId" signature="()" line-rate="1" branch-rate="1" complexity="1">
              <lines>
                <line number="12" hits="33" branch="False" />
              </lines>
            </method>
            <method name="get_TopPosition" signature="()" line-rate="1" branch-rate="1" complexity="1">
              <lines>
                <line number="13" hits="42" branch="False" />
              </lines>
            </method>
            <method name="get_Points" signature="()" line-rate="1" branch-rate="1" complexity="1">
              <lines>
                <line number="14" hits="38" branch="False" />
              </lines>
            </method>
            <method name="get_CreatedAt" signature="()" line-rate="1" branch-rate="1" complexity="1">
              <lines>
                <line number="15" hits="72" branch="False" />
              </lines>
            </method>
            <method name="get_Comment" signature="()" line-rate="1" branch-rate="1" complexity="1">
              <lines>
                <line number="16" hits="47" branch="False" />
              </lines>
            </method>
            <method name="get_IntegrityHash" signature="()" line-rate="1" branch-rate="1" complexity="1">
              <lines>
                <line number="18" hits="17" branch="False" />
              </lines>
            </method>
            <method name="GenerateIntegrityHash" signature="()" line-rate="1" branch-rate="1" complexity="1">
              <lines>
                <line number="21" hits="10" branch="False" />
                <line number="22" hits="10" branch="False" />
                <line number="23" hits="10" branch="False" />
                <line number="24" hits="10" branch="False" />
                <line number="25" hits="10" branch="False" />
                <line number="26" hits="20" branch="False" />
              </lines>
            </method>
            <method name="get_VotingSession" signature="()" line-rate="0" branch-rate="1" complexity="1">
              <lines>
                <line number="27" hits="0" branch="False" />
              </lines>
            </method>
            <method name=".ctor" signature="()" line-rate="1" branch-rate="1" complexity="1">
              <lines>
                <line number="29" hits="6" branch="False" />
              </lines>
            </method>
            <method name=".ctor" signature="(System.String,System.String,System.String,System.String,System.Int32,System.String,System.Nullable`1&lt;System.Int32&gt;)" line-rate="1" branch-rate="1" complexity="1">
              <lines>
                <line number="31" hits="27" branch="False" />
                <line number="32" hits="27" branch="False" />
                <line number="33" hits="27" branch="False" />
                <line number="34" hits="27" branch="False" />
                <line number="35" hits="27" branch="False" />
                <line number="36" hits="27" branch="False" />
                <line number="37" hits="27" branch="False" />
                <line number="38" hits="27" branch="False" />
                <line number="39" hits="27" branch="False" />
                <line number="40" hits="27" branch="False" />
                <line number="41" hits="27" branch="False" />
                <line number="42" hits="27" branch="False" />
                <line number="43" hits="27" branch="False" />
              </lines>
            </method>
          </methods>
          <lines>
            <line number="8" hits="66" branch="False" />
            <line number="9" hits="41" branch="False" />
            <line number="10" hits="53" branch="False" />
            <line number="11" hits="51" branch="False" />
            <line number="12" hits="33" branch="False" />
            <line number="13" hits="42" branch="False" />
            <line number="14" hits="38" branch="False" />
            <line number="15" hits="72" branch="False" />
            <line number="16" hits="47" branch="False" />
            <line number="18" hits="17" branch="False" />
            <line number="21" hits="10" branch="False" />
            <line number="22" hits="10" branch="False" />
            <line number="23" hits="10" branch="False" />
            <line number="24" hits="10" branch="False" />
            <line number="25" hits="10" branch="False" />
            <line number="26" hits="20" branch="False" />
            <line number="27" hits="0" branch="False" />
            <line number="29" hits="6" branch="False" />
            <line number="31" hits="27" branch="False" />
            <line number="32" hits="27" branch="False" />
            <line number="33" hits="27" branch="False" />
            <line number="34" hits="27" branch="False" />
            <line number="35" hits="27" branch="False" />
            <line number="36" hits="27" branch="False" />
            <line number="37" hits="27" branch="False" />
            <line number="38" hits="27" branch="False" />
            <line number="39" hits="27" branch="False" />
            <line number="40" hits="27" branch="False" />
            <line number="41" hits="27" branch="False" />
            <line number="42" hits="27" branch="False" />
            <line number="43" hits="27" branch="False" />
          </lines>
        </class>
        <class name="Votify.Domain.VoteFolder.VoteService" filename="VoteFolder\VoteService.cs" line-rate="1" branch-rate="1" complexity="2">
          <methods>
            <method name="GetUserVotesAsync" signature="(System.String,System.String)" line-rate="1" branch-rate="1" complexity="1">
              <lines>
                <line number="155" hits="1" branch="False" />
              </lines>
            </method>
            <method name=".ctor" signature="(Votify.Domain.VoteFolder.IVoteRepository,Votify.Domain.VoteFolder.IVotingSessionRepository,Votify.Domain.CategoryFolder.ICategoryRepository,Votify.Domain.ProjectFolder.IProjectRepository,Votify.Domain.VoteFolder.IWeightedVoteRepository,Votify.Domain.VoteFolder.Strategies.VotingStrategyResolver,Votify.Domain.Factory.VoteCreatorFactory)" line-rate="1" branch-rate="1" complexity="1">
              <lines>
                <line number="18" hits="19" branch="False" />
                <line number="19" hits="19" branch="False" />
                <line number="20" hits="19" branch="False" />
                <line number="21" hits="19" branch="False" />
                <line number="22" hits="19" branch="False" />
                <line number="23" hits="19" branch="False" />
                <line number="24" hits="19" branch="False" />
                <line number="25" hits="19" branch="False" />
                <line number="26" hits="19" branch="False" />
                <line number="27" hits="19" branch="False" />
                <line number="28" hits="19" branch="False" />
                <line number="29" hits="19" branch="False" />
                <line number="30" hits="19" branch="False" />
                <line number="31" hits="19" branch="False" />
                <line number="32" hits="19" branch="False" />
                <line number="33" hits="19" branch="False" />
              </lines>
            </method>
          </methods>
          <lines>
            <line number="155" hits="1" branch="False" />
            <line number="18" hits="19" branch="False" />
            <line number="19" hits="19" branch="False" />
            <line number="20" hits="19" branch="False" />
            <line number="21" hits="19" branch="False" />
            <line number="22" hits="19" branch="False" />
            <line number="23" hits="19" branch="False" />
            <line number="24" hits="19" branch="False" />
            <line number="25" hits="19" branch="False" />
            <line number="26" hits="19" branch="False" />
            <line number="27" hits="19" branch="False" />
            <line number="28" hits="19" branch="False" />
            <line number="29" hits="19" branch="False" />
            <line number="30" hits="19" branch="False" />
            <line number="31" hits="19" branch="False" />
            <line number="32" hits="19" branch="False" />
            <line number="33" hits="19" branch="False" />
          </lines>
        </class>
        <class name="Votify.Domain.VoteFolder.VoteService/&lt;&gt;c" filename="VoteFolder\VoteService.cs" line-rate="0.5555" branch-rate="1" complexity="13">
          <methods>
            <method name="&lt;EnsureSelfVotingAllowedAsync&gt;b__9_0" signature="(Votify.Domain.VoteFolder.Strategies.RankedProjectInput)" line-rate="1" branch-rate="1" complexity="1">
              <lines>
                <line number="61" hits="2" branch="False" />
              </lines>
            </method>
            <method name="&lt;EnsureSelfVotingAllowedAsync&gt;b__9_1" signature="(Votify.Domain.VoteFolder.Strategies.WeightedProjectInput)" line-rate="0" branch-rate="1" complexity="1">
              <lines>
                <line number="62" hits="0" branch="False" />
              </lines>
            </method>
            <method name="&lt;EnsureSelfVotingAllowedAsync&gt;b__9_2" signature="(Votify.Domain.VoteFolder.Strategies.PointAllocationInput)" line-rate="0" branch-rate="1" complexity="1">
              <lines>
                <line number="63" hits="0" branch="False" />
              </lines>
            </method>
            <method name="&lt;CastTopNVotesAsync&gt;b__11_0" signature="(System.ValueTuple`3&lt;System.String,System.Int32,System.String&gt;)" line-rate="0" branch-rate="1" complexity="1">
              <lines>
                <line number="122" hits="0" branch="False" />
              </lines>
            </method>
            <method name="&lt;CastWeightedVotesAsync&gt;b__12_0" signature="(System.ValueTuple`3&lt;System.String,System.String,System.Collections.Generic.List`1&lt;System.ValueTuple`3&lt;System.String,System.Double,System.String&gt;&gt;&gt;)" line-rate="0" branch-rate="1" complexity="1">
              <lines>
                <line number="137" hits="0" branch="False" />
                <line number="138" hits="0" branch="False" />
                <line number="139" hits="0" branch="False" />
                <line number="140" hits="0" branch="False" />
                <line number="141" hits="0" branch="False" />
              </lines>
            </method>
            <method name="&lt;GetWeightedVotesByUserAndSessionAsync&gt;b__13_0" signature="(Votify.Domain.VoteFolder.WeightedVote)" line-rate="1" branch-rate="1" complexity="1">
              <lines>
                <line number="150" hits="3" branch="False" />
                <line number="151" hits="3" branch="False" />
              </lines>
            </method>
            <method name="&lt;GetPointDistributionVotesByUserAsync&gt;b__15_1" signature="(Votify.Domain.VoteFolder.Vote)" line-rate="1" branch-rate="1" complexity="1">
              <lines>
                <line number="163" hits="1" branch="False" />
              </lines>
            </method>
            <method name="&lt;GetCommentsByProjectAsync&gt;b__16_0" signature="(Votify.Domain.VoteFolder.Vote)" line-rate="1" branch-rate="1" complexity="1">
              <lines>
                <line number="172" hits="6" branch="False" />
              </lines>
            </method>
            <method name="&lt;GetCommentsByProjectAsync&gt;b__16_1" signature="(Votify.Domain.VoteFolder.WeightedVote)" line-rate="1" branch-rate="1" complexity="1">
              <lines>
                <line number="173" hits="2" branch="False" />
              </lines>
            </method>
            <method name="&lt;GetCommentsByProjectAsync&gt;b__16_2" signature="(Votify.Domain.VoteFolder.Vote)" line-rate="1" branch-rate="1" complexity="1">
              <lines>
                <line number="187" hits="2" branch="False" />
              </lines>
            </method>
            <method name="&lt;GetCommentsByProjectAsync&gt;b__16_4" signature="(Votify.Domain.VoteFolder.WeightedVote)" line-rate="1" branch-rate="1" complexity="1">
              <lines>
                <line number="203" hits="2" branch="False" />
              </lines>
            </method>
            <method name="&lt;GetCommentsByProjectAsync&gt;b__16_6" signature="(Votify.Domain.VoteFolder.CommentDto)" line-rate="1" branch-rate="1" complexity="1">
              <lines>
                <line number="215" hits="8" branch="False" />
              </lines>
            </method>
            <method name="&lt;GetVotesByUserInCategoryAsync&gt;b__17_0" signature="(Votify.Domain.VoteFolder.Vote)" line-rate="1" branch-rate="1" complexity="1">
              <lines>
                <line number="221" hits="3" branch="False" />
              </lines>
            </method>
          </methods>
          <lines>
            <line number="61" hits="2" branch="False" />
            <line number="62" hits="0" branch="False" />
            <line number="63" hits="0" branch="False" />
            <line number="122" hits="0" branch="False" />
            <line number="137" hits="0" branch="False" />
            <line number="138" hits="0" branch="False" />
            <line number="139" hits="0" branch="False" />
            <line number="140" hits="0" branch="False" />
            <line number="141" hits="0" branch="False" />
            <line number="150" hits="3" branch="False" />
            <line number="151" hits="3" branch="False" />
            <line number="163" hits="1" branch="False" />
            <line number="172" hits="6" branch="False" />
            <line number="173" hits="2" branch="False" />
            <line number="187" hits="2" branch="False" />
            <line number="203" hits="2" branch="False" />
            <line number="215" hits="8" branch="False" />
            <line number="221" hits="3" branch="False" />
          </lines>
        </class>
        <class name="Votify.Domain.VoteFolder.VoteService/&lt;&gt;c__DisplayClass10_0" filename="VoteFolder\VoteService.cs" line-rate="1" branch-rate="1" complexity="1">
          <methods>
            <method name="&lt;CastVoteAsync&gt;b__0" signature="(Votify.Domain.VoteFolder.VotingSession)" line-rate="1" branch-rate="1" complexity="1">
              <lines>
                <line number="79" hits="11" branch="False" />
              </lines>
            </method>
          </methods>
          <lines>
            <line number="79" hits="11" branch="False" />
          </lines>
        </class>
        <class name="Votify.Domain.VoteFolder.VoteService/&lt;&gt;c__DisplayClass15_0" filename="VoteFolder\VoteService.cs" line-rate="1" branch-rate="1" complexity="1">
          <methods>
            <method name="&lt;GetPointDistributionVotesByUserAsync&gt;b__0" signature="(Votify.Domain.VoteFolder.Vote)" line-rate="1" branch-rate="1" complexity="1">
              <lines>
                <line number="162" hits="2" branch="False" />
              </lines>
            </method>
          </methods>
          <lines>
            <line number="162" hits="2" branch="False" />
          </lines>
        </class>
        <class name="Votify.Domain.VoteFolder.VoteService/&lt;&gt;c__DisplayClass16_0" filename="VoteFolder\VoteService.cs" line-rate="1" branch-rate="0.625" complexity="16">
          <methods>
            <method name="&lt;GetCommentsByProjectAsync&gt;b__3" signature="(Votify.Domain.VoteFolder.Vote)" line-rate="1" branch-rate="0.7" complexity="10">
              <lines>
                <line number="189" hits="2" branch="False" />
                <line number="190" hits="2" branch="False" />
                <line number="191" hits="2" branch="True" condition-coverage="50% (1/2)">
                  <conditions>
                    <condition number="22" type="jump" coverage="50%" />
                  </conditions>
                </line>
                <line number="192" hits="2" branch="True" condition-coverage="75% (3/4)">
                  <conditions>
                    <condition number="54" type="jump" coverage="100%" />
                    <condition number="62" type="jump" coverage="50%" />
                  </conditions>
                </line>
                <line number="193" hits="2" branch="True" condition-coverage="75% (3/4)">
                  <conditions>
                    <condition number="78" type="jump" coverage="100%" />
                    <condition number="87" type="jump" coverage="50%" />
                  </conditions>
                </line>
                <line number="194" hits="2" branch="False" />
                <line number="195" hits="2" branch="False" />
                <line number="197" hits="2" branch="False" />
                <line number="198" hits="6" branch="False" />
              </lines>
            </method>
            <method name="&lt;GetCommentsByProjectAsync&gt;b__5" signature="(Votify.Domain.VoteFolder.WeightedVote)" line-rate="1" branch-rate="0.5" complexity="6">
              <lines>
                <line number="205" hits="2" branch="False" />
                <line number="206" hits="2" branch="False" />
                <line number="207" hits="2" branch="True" condition-coverage="50% (1/2)">
                  <conditions>
                    <condition number="22" type="jump" coverage="50%" />
                  </conditions>
                </line>
                <line number="208" hits="2" branch="True" condition-coverage="50% (2/4)">
                  <conditions>
                    <condition number="54" type="jump" coverage="50%" />
                    <condition number="62" type="jump" coverage="50%" />
                  </conditions>
                </line>
                <line number="210" hits="2" branch="False" />
                <line number="211" hits="6" branch="False" />
              </lines>
            </method>
          </methods>
          <lines>
            <line number="189" hits="2" branch="False" />
            <line number="190" hits="2" branch="False" />
            <line number="191" hits="2" branch="True" condition-coverage="50% (1/2)">
              <conditions>
                <condition number="22" type="jump" coverage="50%" />
              </conditions>
            </line>
            <line number="192" hits="2" branch="True" condition-coverage="75% (3/4)">
              <conditions>
                <condition number="54" type="jump" coverage="100%" />
                <condition number="62" type="jump" coverage="50%" />
              </conditions>
            </line>
            <line number="193" hits="2" branch="True" condition-coverage="75% (3/4)">
              <conditions>
                <condition number="78" type="jump" coverage="100%" />
                <condition number="87" type="jump" coverage="50%" />
              </conditions>
            </line>
            <line number="194" hits="2" branch="False" />
            <line number="195" hits="2" branch="False" />
            <line number="197" hits="2" branch="False" />
            <line number="198" hits="6" branch="False" />
            <line number="205" hits="2" branch="False" />
            <line number="206" hits="2" branch="False" />
            <line number="207" hits="2" branch="True" condition-coverage="50% (1/2)">
              <conditions>
                <condition number="22" type="jump" coverage="50%" />
              </conditions>
            </line>
            <line number="208" hits="2" branch="True" condition-coverage="50% (2/4)">
              <conditions>
                <condition number="54" type="jump" coverage="50%" />
                <condition number="62" type="jump" coverage="50%" />
              </conditions>
            </line>
            <line number="210" hits="2" branch="False" />
            <line number="211" hits="6" branch="False" />
          </lines>
        </class>
        <class name="Votify.Domain.VoteFolder.VoteService/&lt;CastTopNVotesAsync&gt;d__11" filename="VoteFolder\VoteService.cs" line-rate="0" branch-rate="1" complexity="1">
          <methods>
            <method name="MoveNext" signature="()" line-rate="0" branch-rate="1" complexity="1">
              <lines>
                <line number="116" hits="0" branch="False" />
                <line number="117" hits="0" branch="False" />
                <line number="118" hits="0" branch="False" />
                <line number="119" hits="0" branch="False" />
                <line number="120" hits="0" branch="False" />
                <line number="121" hits="0" branch="False" />
                <line number="123" hits="0" branch="False" />
                <line number="124" hits="0" branch="False" />
                <line number="125" hits="0" branch="False" />
                <line number="126" hits="0" branch="False" />
              </lines>
            </method>
          </methods>
          <lines>
            <line number="116" hits="0" branch="False" />
            <line number="117" hits="0" branch="False" />
            <line number="118" hits="0" branch="False" />
            <line number="119" hits="0" branch="False" />
            <line number="120" hits="0" branch="False" />
            <line number="121" hits="0" branch="False" />
            <line number="123" hits="0" branch="False" />
            <line number="124" hits="0" branch="False" />
            <line number="125" hits="0" branch="False" />
            <line number="126" hits="0" branch="False" />
          </lines>
        </class>
        <class name="Votify.Domain.VoteFolder.VoteService/&lt;CastVoteAsync&gt;d__10" filename="VoteFolder\VoteService.cs" line-rate="0.9642000000000001" branch-rate="0.875" complexity="16">
          <methods>
            <method name="MoveNext" signature="()" line-rate="0.9642000000000001" branch-rate="0.875" complexity="16">
              <lines>
                <line number="77" hits="6" branch="False" />
                <line number="78" hits="6" branch="False" />
                <line number="80" hits="6" branch="True" condition-coverage="100% (2/2)">
                  <conditions>
                    <condition number="281" type="jump" coverage="100%" />
                  </conditions>
                </line>
                <line number="81" hits="1" branch="False" />
                <line number="83" hits="5" branch="False" />
                <line number="84" hits="5" branch="True" condition-coverage="100% (2/2)">
                  <conditions>
                    <condition number="451" type="jump" coverage="100%" />
                  </conditions>
                </line>
                <line number="85" hits="1" branch="False" />
                <line number="87" hits="4" branch="True" condition-coverage="100% (2/2)">
                  <conditions>
                    <condition number="482" type="jump" coverage="100%" />
                  </conditions>
                </line>
                <line number="88" hits="1" branch="False" />
                <line number="89" hits="1" branch="False" />
                <line number="90" hits="1" branch="True" condition-coverage="50% (2/4)">
                  <conditions>
                    <condition number="633" type="jump" coverage="50%" />
                    <condition number="664" type="jump" coverage="50%" />
                  </conditions>
                </line>
                <line number="91" hits="1" branch="False" />
                <line number="92" hits="1" branch="False" />
                <line number="93" hits="0" branch="False" />
                <line number="95" hits="3" branch="True" condition-coverage="100% (2/2)">
                  <conditions>
                    <condition number="703" type="jump" coverage="100%" />
                  </conditions>
                </line>
                <line number="96" hits="3" branch="False" />
                <line number="97" hits="3" branch="False" />
                <line number="98" hits="3" branch="False" />
                <line number="99" hits="3" branch="True" condition-coverage="100% (2/2)">
                  <conditions>
                    <condition number="899" type="jump" coverage="100%" />
                  </conditions>
                </line>
                <line number="100" hits="1" branch="False" />
                <line number="101" hits="2" branch="False" />
                <line number="103" hits="2" branch="False" />
                <line number="104" hits="2" branch="True" condition-coverage="100% (2/2)">
                  <conditions>
                    <condition number="1061" type="jump" coverage="100%" />
                  </conditions>
                </line>
                <line number="105" hits="1" branch="False" />
                <line number="107" hits="1" branch="False" />
                <line number="108" hits="1" branch="False" />
                <line number="109" hits="1" branch="False" />
                <line number="110" hits="1" branch="False" />
              </lines>
            </method>
          </methods>
          <lines>
            <line number="77" hits="6" branch="False" />
            <line number="78" hits="6" branch="False" />
            <line number="80" hits="6" branch="True" condition-coverage="100% (2/2)">
              <conditions>
                <condition number="281" type="jump" coverage="100%" />
              </conditions>
            </line>
            <line number="81" hits="1" branch="False" />
            <line number="83" hits="5" branch="False" />
            <line number="84" hits="5" branch="True" condition-coverage="100% (2/2)">
              <conditions>
                <condition number="451" type="jump" coverage="100%" />
              </conditions>
            </line>
            <line number="85" hits="1" branch="False" />
            <line number="87" hits="4" branch="True" condition-coverage="100% (2/2)">
              <conditions>
                <condition number="482" type="jump" coverage="100%" />
              </conditions>
            </line>
            <line number="88" hits="1" branch="False" />
            <line number="89" hits="1" branch="False" />
            <line number="90" hits="1" branch="True" condition-coverage="50% (2/4)">
              <conditions>
                <condition number="633" type="jump" coverage="50%" />
                <condition number="664" type="jump" coverage="50%" />
              </conditions>
            </line>
            <line number="91" hits="1" branch="False" />
            <line number="92" hits="1" branch="False" />
            <line number="93" hits="0" branch="False" />
            <line number="95" hits="3" branch="True" condition-coverage="100% (2/2)">
              <conditions>
                <condition number="703" type="jump" coverage="100%" />
              </conditions>
            </line>
            <line number="96" hits="3" branch="False" />
            <line number="97" hits="3" branch="False" />
            <line number="98" hits="3" branch="False" />
            <line number="99" hits="3" branch="True" condition-coverage="100% (2/2)">
              <conditions>
                <condition number="899" type="jump" coverage="100%" />
              </conditions>
            </line>
            <line number="100" hits="1" branch="False" />
            <line number="101" hits="2" branch="False" />
            <line number="103" hits="2" branch="False" />
            <line number="104" hits="2" branch="True" condition-coverage="100% (2/2)">
              <conditions>
                <condition number="1061" type="jump" coverage="100%" />
              </conditions>
            </line>
            <line number="105" hits="1" branch="False" />
            <line number="107" hits="1" branch="False" />
            <line number="108" hits="1" branch="False" />
            <line number="109" hits="1" branch="False" />
            <line number="110" hits="1" branch="False" />
          </lines>
        </class>
        <class name="Votify.Domain.VoteFolder.VoteService/&lt;CastVotesByStrategyAsync&gt;d__8" filename="VoteFolder\VoteService.cs" line-rate="1" branch-rate="1" complexity="6">
          <methods>
            <method name="MoveNext" signature="()" line-rate="1" branch-rate="1" complexity="6">
              <lines>
                <line number="38" hits="5" branch="False" />
                <line number="39" hits="5" branch="True" condition-coverage="100% (2/2)">
                  <conditions>
                    <condition number="174" type="jump" coverage="100%" />
                  </conditions>
                </line>
                <line number="40" hits="5" branch="False" />
                <line number="42" hits="4" branch="True" condition-coverage="100% (2/2)">
                  <conditions>
                    <condition number="229" type="jump" coverage="100%" />
                  </conditions>
                </line>
                <line number="43" hits="1" branch="False" />
                <line number="45" hits="3" branch="True" condition-coverage="100% (2/2)">
                  <conditions>
                    <condition number="260" type="jump" coverage="100%" />
                  </conditions>
                </line>
                <line number="46" hits="1" branch="False" />
                <line number="48" hits="2" branch="False" />
                <line number="50" hits="1" branch="False" />
                <line number="51" hits="1" branch="False" />
                <line number="52" hits="1" branch="False" />
                <line number="53" hits="1" branch="False" />
              </lines>
            </method>
          </methods>
          <lines>
            <line number="38" hits="5" branch="False" />
            <line number="39" hits="5" branch="True" condition-coverage="100% (2/2)">
              <conditions>
                <condition number="174" type="jump" coverage="100%" />
              </conditions>
            </line>
            <line number="40" hits="5" branch="False" />
            <line number="42" hits="4" branch="True" condition-coverage="100% (2/2)">
              <conditions>
                <condition number="229" type="jump" coverage="100%" />
              </conditions>
            </line>
            <line number="43" hits="1" branch="False" />
            <line number="45" hits="3" branch="True" condition-coverage="100% (2/2)">
              <conditions>
                <condition number="260" type="jump" coverage="100%" />
              </conditions>
            </line>
            <line number="46" hits="1" branch="False" />
            <line number="48" hits="2" branch="False" />
            <line number="50" hits="1" branch="False" />
            <line number="51" hits="1" branch="False" />
            <line number="52" hits="1" branch="False" />
            <line number="53" hits="1" branch="False" />
          </lines>
        </class>
        <class name="Votify.Domain.VoteFolder.VoteService/&lt;CastWeightedVotesAsync&gt;d__12" filename="VoteFolder\VoteService.cs" line-rate="0" branch-rate="1" complexity="1">
          <methods>
            <method name="MoveNext" signature="()" line-rate="0" branch-rate="1" complexity="1">
              <lines>
                <line number="132" hits="0" branch="False" />
                <line number="133" hits="0" branch="False" />
                <line number="134" hits="0" branch="False" />
                <line number="135" hits="0" branch="False" />
                <line number="136" hits="0" branch="False" />
                <line number="142" hits="0" branch="False" />
                <line number="143" hits="0" branch="False" />
                <line number="144" hits="0" branch="False" />
              </lines>
            </method>
          </methods>
          <lines>
            <line number="132" hits="0" branch="False" />
            <line number="133" hits="0" branch="False" />
            <line number="134" hits="0" branch="False" />
            <line number="135" hits="0" branch="False" />
            <line number="136" hits="0" branch="False" />
            <line number="142" hits="0" branch="False" />
            <line number="143" hits="0" branch="False" />
            <line number="144" hits="0" branch="False" />
          </lines>
        </class>
        <class name="Votify.Domain.VoteFolder.VoteService/&lt;EnsureSelfVotingAllowedAsync&gt;d__9" filename="VoteFolder\VoteService.cs" line-rate="0.9285" branch-rate="0.6" complexity="10">
          <methods>
            <method name="MoveNext" signature="()" line-rate="0.9285" branch-rate="0.6" complexity="10">
              <lines>
                <line number="56" hits="2" branch="False" />
                <line number="57" hits="2" branch="False" />
                <line number="58" hits="2" branch="True" condition-coverage="75% (3/4)">
                  <conditions>
                    <condition number="173" type="jump" coverage="50%" />
                    <condition number="191" type="jump" coverage="100%" />
                  </conditions>
                </line>
                <line number="59" hits="1" branch="False" />
                <line number="64" hits="1" branch="False" />
                <line number="65" hits="1" branch="False" />
                <line number="67" hits="4" branch="True" condition-coverage="50% (1/2)">
                  <conditions>
                    <condition number="671" type="jump" coverage="50%" />
                  </conditions>
                </line>
                <line number="68" hits="1" branch="False" />
                <line number="69" hits="1" branch="False" />
                <line number="70" hits="1" branch="True" condition-coverage="50% (2/4)">
                  <conditions>
                    <condition number="596" type="jump" coverage="50%" />
                    <condition number="632" type="jump" coverage="50%" />
                  </conditions>
                </line>
                <line number="71" hits="1" branch="False" />
                <line number="72" hits="1" branch="False" />
                <line number="73" hits="0" branch="False" />
                <line number="74" hits="1" branch="False" />
              </lines>
            </method>
          </methods>
          <lines>
            <line number="56" hits="2" branch="False" />
            <line number="57" hits="2" branch="False" />
            <line number="58" hits="2" branch="True" condition-coverage="75% (3/4)">
              <conditions>
                <condition number="173" type="jump" coverage="50%" />
                <condition number="191" type="jump" coverage="100%" />
              </conditions>
            </line>
            <line number="59" hits="1" branch="False" />
            <line number="64" hits="1" branch="False" />
            <line number="65" hits="1" branch="False" />
            <line number="67" hits="4" branch="True" condition-coverage="50% (1/2)">
              <conditions>
                <condition number="671" type="jump" coverage="50%" />
              </conditions>
            </line>
            <line number="68" hits="1" branch="False" />
            <line number="69" hits="1" branch="False" />
            <line number="70" hits="1" branch="True" condition-coverage="50% (2/4)">
              <conditions>
                <condition number="596" type="jump" coverage="50%" />
                <condition number="632" type="jump" coverage="50%" />
              </conditions>
            </line>
            <line number="71" hits="1" branch="False" />
            <line number="72" hits="1" branch="False" />
            <line number="73" hits="0" branch="False" />
            <line number="74" hits="1" branch="False" />
          </lines>
        </class>
        <class name="Votify.Domain.VoteFolder.VoteService/&lt;GetCommentsByProjectAsync&gt;d__16" filename="VoteFolder\VoteService.cs" line-rate="1" branch-rate="1" complexity="4">
          <methods>
            <method name="MoveNext" signature="()" line-rate="1" branch-rate="1" complexity="4">
              <lines>
                <line number="168" hits="4" branch="False" />
                <line number="169" hits="4" branch="False" />
                <line number="170" hits="4" branch="False" />
                <line number="174" hits="4" branch="False" />
                <line number="175" hits="4" branch="False" />
                <line number="177" hits="4" branch="False" />
                <line number="178" hits="20" branch="True" condition-coverage="100% (2/2)">
                  <conditions>
                    <condition number="706" type="jump" coverage="100%" />
                  </conditions>
                </line>
                <line number="179" hits="4" branch="False" />
                <line number="180" hits="4" branch="False" />
                <line number="181" hits="8" branch="True" condition-coverage="100% (2/2)">
                  <conditions>
                    <condition number="649" type="jump" coverage="100%" />
                  </conditions>
                </line>
                <line number="182" hits="4" branch="False" />
                <line number="184" hits="4" branch="False" />
                <line number="186" hits="4" branch="False" />
                <line number="188" hits="4" branch="False" />
                <line number="196" hits="4" branch="False" />
                <line number="200" hits="4" branch="False" />
                <line number="202" hits="4" branch="False" />
                <line number="204" hits="4" branch="False" />
                <line number="209" hits="4" branch="False" />
                <line number="213" hits="4" branch="False" />
                <line number="216" hits="4" branch="False" />
              </lines>
            </method>
          </methods>
          <lines>
            <line number="168" hits="4" branch="False" />
            <line number="169" hits="4" branch="False" />
            <line number="170" hits="4" branch="False" />
            <line number="174" hits="4" branch="False" />
            <line number="175" hits="4" branch="False" />
            <line number="177" hits="4" branch="False" />
            <line number="178" hits="20" branch="True" condition-coverage="100% (2/2)">
              <conditions>
                <condition number="706" type="jump" coverage="100%" />
              </conditions>
            </line>
            <line number="179" hits="4" branch="False" />
            <line number="180" hits="4" branch="False" />
            <line number="181" hits="8" branch="True" condition-coverage="100% (2/2)">
              <conditions>
                <condition number="649" type="jump" coverage="100%" />
              </conditions>
            </line>
            <line number="182" hits="4" branch="False" />
            <line number="184" hits="4" branch="False" />
            <line number="186" hits="4" branch="False" />
            <line number="188" hits="4" branch="False" />
            <line number="196" hits="4" branch="False" />
            <line number="200" hits="4" branch="False" />
            <line number="202" hits="4" branch="False" />
            <line number="204" hits="4" branch="False" />
            <line number="209" hits="4" branch="False" />
            <line number="213" hits="4" branch="False" />
            <line number="216" hits="4" branch="False" />
          </lines>
        </class>
        <class name="Votify.Domain.VoteFolder.VoteService/&lt;GetPointDistributionVotesByUserAsync&gt;d__15" filename="VoteFolder\VoteService.cs" line-rate="1" branch-rate="1" complexity="1">
          <methods>
            <method name="MoveNext" signature="()" line-rate="1" branch-rate="1" complexity="1">
              <lines>
                <line number="159" hits="1" branch="False" />
                <line number="160" hits="1" branch="False" />
                <line number="161" hits="1" branch="False" />
                <line number="164" hits="1" branch="False" />
                <line number="165" hits="1" branch="False" />
              </lines>
            </method>
          </methods>
          <lines>
            <line number="159" hits="1" branch="False" />
            <line number="160" hits="1" branch="False" />
            <line number="161" hits="1" branch="False" />
            <line number="164" hits="1" branch="False" />
            <line number="165" hits="1" branch="False" />
          </lines>
        </class>
        <class name="Votify.Domain.VoteFolder.VoteService/&lt;GetVotesByUserInCategoryAsync&gt;d__17" filename="VoteFolder\VoteService.cs" line-rate="1" branch-rate="1" complexity="1">
          <methods>
            <method name="MoveNext" signature="()" line-rate="1" branch-rate="1" complexity="1">
              <lines>
                <line number="219" hits="1" branch="False" />
                <line number="220" hits="1" branch="False" />
                <line number="222" hits="1" branch="False" />
              </lines>
            </method>
          </methods>
          <lines>
            <line number="219" hits="1" branch="False" />
            <line number="220" hits="1" branch="False" />
            <line number="222" hits="1" branch="False" />
          </lines>
        </class>
        <class name="Votify.Domain.VoteFolder.VoteService/&lt;GetWeightedVotesByUserAndSessionAsync&gt;d__13" filename="VoteFolder\VoteService.cs" line-rate="1" branch-rate="1" complexity="1">
          <methods>
            <method name="MoveNext" signature="()" line-rate="1" branch-rate="1" complexity="1">
              <lines>
                <line number="148" hits="1" branch="False" />
                <line number="149" hits="1" branch="False" />
                <line number="152" hits="1" branch="False" />
              </lines>
            </method>
          </methods>
          <lines>
            <line number="148" hits="1" branch="False" />
            <line number="149" hits="1" branch="False" />
            <line number="152" hits="1" branch="False" />
          </lines>
        </class>
        <class name="Votify.Domain.VoteFolder.WeightedVoteDto" filename="VoteFolder\VoteService.cs" line-rate="1" branch-rate="1" complexity="1">
          <methods>
            <method name="get_ProjectId" signature="()" line-rate="1" branch-rate="1" complexity="1">
              <lines>
                <line number="225" hits="6" branch="False" />
              </lines>
            </method>
          </methods>
          <lines>
            <line number="225" hits="6" branch="False" />
          </lines>
        </class>
        <class name="Votify.Domain.VoteFolder.PointDistributionVoteDto" filename="VoteFolder\VoteService.cs" line-rate="1" branch-rate="1" complexity="1">
          <methods>
            <method name="get_ProjectId" signature="()" line-rate="1" branch-rate="1" complexity="1">
              <lines>
                <line number="226" hits="3" branch="False" />
              </lines>
            </method>
          </methods>
          <lines>
            <line number="226" hits="3" branch="False" />
          </lines>
        </class>
        <class name="Votify.Domain.VoteFolder.CommentDto" filename="VoteFolder\VoteService.cs" line-rate="1" branch-rate="1" complexity="1">
          <methods>
            <method name="get_Comment" signature="()" line-rate="1" branch-rate="1" complexity="1">
              <lines>
                <line number="227" hits="15" branch="False" />
              </lines>
            </method>
          </methods>
          <lines>
            <line number="227" hits="15" branch="False" />
          </lines>
        </class>
        <class name="Votify.Domain.VoteFolder.VotingSession" filename="VoteFolder\VotingSession.cs" line-rate="0.9868000000000001" branch-rate="0.875" complexity="40">
          <methods>
            <method name="TransicionarA" signature="(Votify.Domain.VoteFolder.States.IVotingSessionState)" line-rate="1" branch-rate="1" complexity="1">
              <lines>
                <line number="26" hits="48" branch="False" />
                <line number="27" hits="48" branch="False" />
                <line number="28" hits="48" branch="False" />
                <line number="29" hits="48" branch="False" />
                <line number="30" hits="48" branch="False" />
              </lines>
            </method>
            <method name="RestaurarEstado" signature="()" line-rate="1" branch-rate="1" complexity="6">
              <lines>
                <line number="33" hits="5" branch="False" />
                <line number="34" hits="5" branch="True" condition-coverage="100% (6/6)">
                  <conditions>
                    <condition number="23" type="jump" coverage="100%" />
                    <condition number="36" type="jump" coverage="100%" />
                    <condition number="49" type="jump" coverage="100%" />
                  </conditions>
                </line>
                <line number="35" hits="5" branch="False" />
                <line number="36" hits="1" branch="False" />
                <line number="37" hits="1" branch="False" />
                <line number="38" hits="2" branch="False" />
                <line number="39" hits="1" branch="False" />
                <line number="40" hits="5" branch="False" />
                <line number="41" hits="5" branch="False" />
              </lines>
            </method>
            <method name="Abrir" signature="()" line-rate="1" branch-rate="1" complexity="1">
              <lines>
                <line number="43" hits="32" branch="False" />
              </lines>
            </method>
            <method name="Pausar" signature="()" line-rate="1" branch-rate="1" complexity="1">
              <lines>
                <line number="44" hits="10" branch="False" />
              </lines>
            </method>
            <method name="Reanudar" signature="()" line-rate="1" branch-rate="1" complexity="1">
              <lines>
                <line number="45" hits="5" branch="False" />
              </lines>
            </method>
            <method name="Cerrar" signature="()" line-rate="1" branch-rate="1" complexity="1">
              <lines>
                <line number="46" hits="12" branch="False" />
              </lines>
            </method>
            <method name="get_Id" signature="()" line-rate="1" branch-rate="1" complexity="1">
              <lines>
                <line number="48" hits="191" branch="False" />
              </lines>
            </method>
            <method name="get_CategoryId" signature="()" line-rate="1" branch-rate="1" complexity="1">
              <lines>
                <line number="49" hits="106" branch="False" />
              </lines>
            </method>
            <method name="get_Name" signature="()" line-rate="1" branch-rate="1" complexity="1">
              <lines>
                <line number="50" hits="97" branch="False" />
              </lines>
            </method>
            <method name="get_Description" signature="()" line-rate="1" branch-rate="1" complexity="1">
              <lines>
                <line number="51" hits="93" branch="False" />
              </lines>
            </method>
            <method name="get_VoterType" signature="()" line-rate="1" branch-rate="1" complexity="1">
              <lines>
                <line number="53" hits="114" branch="False" />
              </lines>
            </method>
            <method name="get_EvaluationType" signature="()" line-rate="1" branch-rate="1" complexity="1">
              <lines>
                <line number="54" hits="118" branch="False" />
              </lines>
            </method>
            <method name="get_CriterionType" signature="()" line-rate="1" branch-rate="1" complexity="1">
              <lines>
                <line number="55" hits="93" branch="False" />
              </lines>
            </method>
            <method name="get_TopN" signature="()" line-rate="1" branch-rate="1" complexity="1">
              <lines>
                <line number="57" hits="158" branch="False" />
              </lines>
            </method>
            <method name="get_PointsPerVoter" signature="()" line-rate="1" branch-rate="1" complexity="1">
              <lines>
                <line number="58" hits="110" branch="False" />
              </lines>
            </method>
            <method name="get_MaxPointsPerProject" signature="()" line-rate="1" branch-rate="1" complexity="1">
              <lines>
                <line number="59" hits="109" branch="False" />
              </lines>
            </method>
            <method name="get_AllowComments" signature="()" line-rate="1" branch-rate="1" complexity="1">
              <lines>
                <line number="61" hits="190" branch="False" />
              </lines>
            </method>
            <method name="get_RequireComments" signature="()" line-rate="1" branch-rate="1" complexity="1">
              <lines>
                <line number="62" hits="221" branch="False" />
              </lines>
            </method>
            <method name="get_AllowCommentsPerCriterion" signature="()" line-rate="1" branch-rate="1" complexity="1">
              <lines>
                <line number="63" hits="208" branch="False" />
              </lines>
            </method>
            <method name="get_OpenAt" signature="()" line-rate="1" branch-rate="1" complexity="1">
              <lines>
                <line number="65" hits="179" branch="False" />
              </lines>
            </method>
            <method name="get_CloseAt" signature="()" line-rate="1" branch-rate="1" complexity="1">
              <lines>
                <line number="66" hits="115" branch="False" />
              </lines>
            </method>
            <method name="get_AdjustedCloseAt" signature="()" line-rate="1" branch-rate="1" complexity="1">
              <lines>
                <line number="67" hits="32" branch="False" />
              </lines>
            </method>
            <method name="get_EffectiveCloseAt" signature="()" line-rate="1" branch-rate="0.5" complexity="2">
              <lines>
                <line number="68" hits="19" branch="True" condition-coverage="50% (1/2)">
                  <conditions>
                    <condition number="14" type="jump" coverage="50%" />
                  </conditions>
                </line>
              </lines>
            </method>
            <method name="get_ManualStatus" signature="()" line-rate="1" branch-rate="1" complexity="1">
              <lines>
                <line number="69" hits="89" branch="False" />
              </lines>
            </method>
            <method name="get_IsOpen" signature="()" line-rate="1" branch-rate="1" complexity="1">
              <lines>
                <line number="70" hits="22" branch="False" />
              </lines>
            </method>
            <method name="get_ReminderMinutesBeforeClose" signature="()" line-rate="1" branch-rate="1" complexity="1">
              <lines>
                <line number="71" hits="93" branch="False" />
              </lines>
            </method>
            <method name="get_IsManuallyAdjusted" signature="()" line-rate="1" branch-rate="1" complexity="1">
              <lines>
                <line number="72" hits="159" branch="False" />
              </lines>
            </method>
            <method name="get_JurorEmails" signature="()" line-rate="1" branch-rate="1" complexity="1">
              <lines>
                <line number="73" hits="101" branch="False" />
              </lines>
            </method>
            <method name="get_Prizes" signature="()" line-rate="1" branch-rate="1" complexity="1">
              <lines>
                <line number="74" hits="98" branch="False" />
              </lines>
            </method>
            <method name="get_Category" signature="()" line-rate="0" branch-rate="1" complexity="1">
              <lines>
                <line number="75" hits="0" branch="False" />
              </lines>
            </method>
            <method name="get_Criteria" signature="()" line-rate="1" branch-rate="1" complexity="1">
              <lines>
                <line number="76" hits="97" branch="False" />
              </lines>
            </method>
            <method name="get_Votes" signature="()" line-rate="1" branch-rate="1" complexity="1">
              <lines>
                <line number="77" hits="97" branch="False" />
              </lines>
            </method>
            <method name=".ctor" signature="()" line-rate="1" branch-rate="1" complexity="1">
              <lines>
                <line number="23" hits="97" branch="False" />
                <line number="79" hits="12" branch="False" />
              </lines>
            </method>
            <method name=".ctor" signature="(System.String,System.String,Votify.Domain.VoteFolder.VoterType,Votify.Domain.VoteFolder.EvaluationType,System.Nullable`1&lt;System.DateTime&gt;,System.Nullable`1&lt;System.DateTime&gt;,System.String,System.Nullable`1&lt;Votify.Domain.CategoryFolder.CriterionType&gt;,System.Nullable`1&lt;System.Int32&gt;,System.Nullable`1&lt;System.Int32&gt;,System.Nullable`1&lt;System.Int32&gt;,System.Boolean,System.Boolean,System.Boolean,System.Nullable`1&lt;System.Int32&gt;)" line-rate="1" branch-rate="1" complexity="1">
              <lines>
                <line number="81" hits="93" branch="False" />
                <line number="82" hits="93" branch="False" />
                <line number="83" hits="93" branch="False" />
                <line number="84" hits="93" branch="False" />
                <line number="85" hits="93" branch="False" />
                <line number="86" hits="93" branch="False" />
                <line number="87" hits="93" branch="False" />
                <line number="88" hits="93" branch="False" />
                <line number="89" hits="93" branch="False" />
                <line number="90" hits="93" branch="False" />
                <line number="91" hits="93" branch="False" />
                <line number="92" hits="93" branch="False" />
                <line number="93" hits="93" branch="False" />
                <line number="94" hits="93" branch="False" />
                <line number="95" hits="93" branch="False" />
                <line number="96" hits="93" branch="False" />
                <line number="97" hits="93" branch="False" />
                <line number="98" hits="93" branch="False" />
                <line number="99" hits="93" branch="False" />
                <line number="100" hits="93" branch="False" />
                <line number="101" hits="93" branch="False" />
                <line number="102" hits="93" branch="False" />
                <line number="103" hits="93" branch="False" />
                <line number="104" hits="93" branch="False" />
                <line number="105" hits="93" branch="False" />
                <line number="106" hits="93" branch="False" />
                <line number="107" hits="93" branch="False" />
                <line number="108" hits="93" branch="False" />
                <line number="109" hits="93" branch="False" />
                <line number="110" hits="93" branch="False" />
              </lines>
            </method>
          </methods>
          <lines>
            <line number="26" hits="48" branch="False" />
            <line number="27" hits="48" branch="False" />
            <line number="28" hits="48" branch="False" />
            <line number="29" hits="48" branch="False" />
            <line number="30" hits="48" branch="False" />
            <line number="33" hits="5" branch="False" />
            <line number="34" hits="5" branch="True" condition-coverage="100% (6/6)">
              <conditions>
                <condition number="23" type="jump" coverage="100%" />
                <condition number="36" type="jump" coverage="100%" />
                <condition number="49" type="jump" coverage="100%" />
              </conditions>
            </line>
            <line number="35" hits="5" branch="False" />
            <line number="36" hits="1" branch="False" />
            <line number="37" hits="1" branch="False" />
            <line number="38" hits="2" branch="False" />
            <line number="39" hits="1" branch="False" />
            <line number="40" hits="5" branch="False" />
            <line number="41" hits="5" branch="False" />
            <line number="43" hits="32" branch="False" />
            <line number="44" hits="10" branch="False" />
            <line number="45" hits="5" branch="False" />
            <line number="46" hits="12" branch="False" />
            <line number="48" hits="191" branch="False" />
            <line number="49" hits="106" branch="False" />
            <line number="50" hits="97" branch="False" />
            <line number="51" hits="93" branch="False" />
            <line number="53" hits="114" branch="False" />
            <line number="54" hits="118" branch="False" />
            <line number="55" hits="93" branch="False" />
            <line number="57" hits="158" branch="False" />
            <line number="58" hits="110" branch="False" />
            <line number="59" hits="109" branch="False" />
            <line number="61" hits="190" branch="False" />
            <line number="62" hits="221" branch="False" />
            <line number="63" hits="208" branch="False" />
            <line number="65" hits="179" branch="False" />
            <line number="66" hits="115" branch="False" />
            <line number="67" hits="32" branch="False" />
            <line number="68" hits="19" branch="True" condition-coverage="50% (1/2)">
              <conditions>
                <condition number="14" type="jump" coverage="50%" />
              </conditions>
            </line>
            <line number="69" hits="89" branch="False" />
            <line number="70" hits="22" branch="False" />
            <line number="71" hits="93" branch="False" />
            <line number="72" hits="159" branch="False" />
            <line number="73" hits="101" branch="False" />
            <line number="74" hits="98" branch="False" />
            <line number="75" hits="0" branch="False" />
            <line number="76" hits="97" branch="False" />
            <line number="77" hits="97" branch="False" />
            <line number="23" hits="97" branch="False" />
            <line number="79" hits="12" branch="False" />
            <line number="81" hits="93" branch="False" />
            <line number="82" hits="93" branch="False" />
            <line number="83" hits="93" branch="False" />
            <line number="84" hits="93" branch="False" />
            <line number="85" hits="93" branch="False" />
            <line number="86" hits="93" branch="False" />
            <line number="87" hits="93" branch="False" />
            <line number="88" hits="93" branch="False" />
            <line number="89" hits="93" branch="False" />
            <line number="90" hits="93" branch="False" />
            <line number="91" hits="93" branch="False" />
            <line number="92" hits="93" branch="False" />
            <line number="93" hits="93" branch="False" />
            <line number="94" hits="93" branch="False" />
            <line number="95" hits="93" branch="False" />
            <line number="96" hits="93" branch="False" />
            <line number="97" hits="93" branch="False" />
            <line number="98" hits="93" branch="False" />
            <line number="99" hits="93" branch="False" />
            <line number="100" hits="93" branch="False" />
            <line number="101" hits="93" branch="False" />
            <line number="102" hits="93" branch="False" />
            <line number="103" hits="93" branch="False" />
            <line number="104" hits="93" branch="False" />
            <line number="105" hits="93" branch="False" />
            <line number="106" hits="93" branch="False" />
            <line number="107" hits="93" branch="False" />
            <line number="108" hits="93" branch="False" />
            <line number="109" hits="93" branch="False" />
            <line number="110" hits="93" branch="False" />
          </lines>
        </class>
        <class name="Votify.Domain.VoteFolder.VotingSessionService" filename="VoteFolder\VotingSessionService.cs" line-rate="1" branch-rate="1" complexity="6">
          <methods>
            <method name="GetByEventAsync" signature="(System.String)" line-rate="1" branch-rate="1" complexity="1">
              <lines>
                <line number="13" hits="1" branch="False" />
              </lines>
            </method>
            <method name="GetActiveByEventAsync" signature="(System.String)" line-rate="1" branch-rate="1" complexity="1">
              <lines>
                <line number="16" hits="1" branch="False" />
              </lines>
            </method>
            <method name="GetByIdAsync" signature="(System.String)" line-rate="1" branch-rate="1" complexity="1">
              <lines>
                <line number="19" hits="2" branch="False" />
              </lines>
            </method>
            <method name="GetByCategoryAsync" signature="(System.String)" line-rate="1" branch-rate="1" complexity="1">
              <lines>
                <line number="22" hits="1" branch="False" />
              </lines>
            </method>
            <method name="UpdateAsync" signature="(Votify.Domain.VoteFolder.VotingSession)" line-rate="1" branch-rate="1" complexity="1">
              <lines>
                <line number="25" hits="1" branch="False" />
              </lines>
            </method>
            <method name=".ctor" signature="(Votify.Domain.VoteFolder.IVotingSessionRepository)" line-rate="1" branch-rate="1" complexity="1">
              <lines>
                <line number="7" hits="6" branch="False" />
                <line number="8" hits="6" branch="False" />
                <line number="9" hits="6" branch="False" />
                <line number="10" hits="6" branch="False" />
              </lines>
            </method>
          </methods>
          <lines>
            <line number="13" hits="1" branch="False" />
            <line number="16" hits="1" branch="False" />
            <line number="19" hits="2" branch="False" />
            <line number="22" hits="1" branch="False" />
            <line number="25" hits="1" branch="False" />
            <line number="7" hits="6" branch="False" />
            <line number="8" hits="6" branch="False" />
            <line number="9" hits="6" branch="False" />
            <line number="10" hits="6" branch="False" />
          </lines>
        </class>
        <class name="Votify.Domain.VoteFolder.WeightedVote" filename="VoteFolder\WeightedVote.cs" line-rate="0.9444" branch-rate="1" complexity="10">
          <methods>
            <method name="get_Id" signature="()" line-rate="1" branch-rate="1" complexity="1">
              <lines>
                <line number="9" hits="18" branch="False" />
              </lines>
            </method>
            <method name="get_VotingSessionId" signature="()" line-rate="1" branch-rate="1" complexity="1">
              <lines>
                <line number="10" hits="26" branch="False" />
              </lines>
            </method>
            <method name="get_ProjectId" signature="()" line-rate="1" branch-rate="1" complexity="1">
              <lines>
                <line number="11" hits="24" branch="False" />
              </lines>
            </method>
            <method name="get_UserId" signature="()" line-rate="1" branch-rate="1" complexity="1">
              <lines>
                <line number="12" hits="23" branch="False" />
              </lines>
            </method>
            <method name="get_CategoryId" signature="()" line-rate="1" branch-rate="1" complexity="1">
              <lines>
                <line number="13" hits="22" branch="False" />
              </lines>
            </method>
            <method name="get_Comment" signature="()" line-rate="1" branch-rate="1" complexity="1">
              <lines>
                <line number="14" hits="19" branch="False" />
              </lines>
            </method>
            <method name="get_CreatedAt" signature="()" line-rate="1" branch-rate="1" complexity="1">
              <lines>
                <line number="15" hits="11" branch="False" />
              </lines>
            </method>
            <method name="get_CriterionScores" signature="()" line-rate="1" branch-rate="1" complexity="1">
              <lines>
                <line number="17" hits="26" branch="False" />
              </lines>
            </method>
            <method name=".ctor" signature="()" line-rate="0" branch-rate="1" complexity="1">
              <lines>
                <line number="19" hits="0" branch="False" />
              </lines>
            </method>
            <method name=".ctor" signature="(System.String,System.String,System.String,System.String,System.String)" line-rate="1" branch-rate="1" complexity="1">
              <lines>
                <line number="21" hits="11" branch="False" />
                <line number="22" hits="11" branch="False" />
                <line number="23" hits="11" branch="False" />
                <line number="24" hits="11" branch="False" />
                <line number="25" hits="11" branch="False" />
                <line number="26" hits="11" branch="False" />
                <line number="27" hits="11" branch="False" />
                <line number="28" hits="11" branch="False" />
                <line number="29" hits="11" branch="False" />
              </lines>
            </method>
          </methods>
          <lines>
            <line number="9" hits="18" branch="False" />
            <line number="10" hits="26" branch="False" />
            <line number="11" hits="24" branch="False" />
            <line number="12" hits="23" branch="False" />
            <line number="13" hits="22" branch="False" />
            <line number="14" hits="19" branch="False" />
            <line number="15" hits="11" branch="False" />
            <line number="17" hits="26" branch="False" />
            <line number="19" hits="0" branch="False" />
            <line number="21" hits="11" branch="False" />
            <line number="22" hits="11" branch="False" />
            <line number="23" hits="11" branch="False" />
            <line number="24" hits="11" branch="False" />
            <line number="25" hits="11" branch="False" />
            <line number="26" hits="11" branch="False" />
            <line number="27" hits="11" branch="False" />
            <line number="28" hits="11" branch="False" />
            <line number="29" hits="11" branch="False" />
          </lines>
        </class>
        <class name="Votify.Domain.VoteFolder.WeightedCriterionScore" filename="VoteFolder\WeightedVote.cs" line-rate="0.8571" branch-rate="1" complexity="8">
          <methods>
            <method name="get_Id" signature="()" line-rate="1" branch-rate="1" complexity="1">
              <lines>
                <line number="34" hits="8" branch="False" />
              </lines>
            </method>
            <method name="get_WeightedVoteId" signature="()" line-rate="1" branch-rate="1" complexity="1">
              <lines>
                <line number="35" hits="16" branch="False" />
              </lines>
            </method>
            <method name="get_CriterionId" signature="()" line-rate="1" branch-rate="1" complexity="1">
              <lines>
                <line number="36" hits="17" branch="False" />
              </lines>
            </method>
            <method name="get_Score" signature="()" line-rate="1" branch-rate="1" complexity="1">
              <lines>
                <line number="37" hits="11" branch="False" />
              </lines>
            </method>
            <method name="get_Comment" signature="()" line-rate="1" branch-rate="1" complexity="1">
              <lines>
                <line number="38" hits="12" branch="False" />
              </lines>
            </method>
            <method name="get_WeightedVote" signature="()" line-rate="0" branch-rate="1" complexity="1">
              <lines>
                <line number="40" hits="0" branch="False" />
              </lines>
            </method>
            <method name=".ctor" signature="()" line-rate="0" branch-rate="1" complexity="1">
              <lines>
                <line number="42" hits="0" branch="False" />
              </lines>
            </method>
            <method name=".ctor" signature="(System.String,System.String,System.Double,System.String)" line-rate="1" branch-rate="1" complexity="1">
              <lines>
                <line number="44" hits="8" branch="False" />
                <line number="45" hits="8" branch="False" />
                <line number="46" hits="8" branch="False" />
                <line number="47" hits="8" branch="False" />
                <line number="48" hits="8" branch="False" />
                <line number="49" hits="8" branch="False" />
                <line number="50" hits="8" branch="False" />
              </lines>
            </method>
          </methods>
          <lines>
            <line number="34" hits="8" branch="False" />
            <line number="35" hits="16" branch="False" />
            <line number="36" hits="17" branch="False" />
            <line number="37" hits="11" branch="False" />
            <line number="38" hits="12" branch="False" />
            <line number="40" hits="0" branch="False" />
            <line number="42" hits="0" branch="False" />
            <line number="44" hits="8" branch="False" />
            <line number="45" hits="8" branch="False" />
            <line number="46" hits="8" branch="False" />
            <line number="47" hits="8" branch="False" />
            <line number="48" hits="8" branch="False" />
            <line number="49" hits="8" branch="False" />
            <line number="50" hits="8" branch="False" />
          </lines>
        </class>
        <class name="Votify.Domain.VoteFolder.Strategies.PointDistributionVotingStrategy" filename="VoteFolder\Strategies\PointDistributionVotingStrategy.cs" line-rate="1" branch-rate="1" complexity="15">
          <methods>
            <method name="get_SupportedType" signature="()" line-rate="1" branch-rate="1" complexity="1">
              <lines>
                <line number="18" hits="19" branch="False" />
              </lines>
            </method>
            <method name="ValidateAsync" signature="(Votify.Domain.VoteFolder.VotingSession,Votify.Domain.VoteFolder.Strategies.VoteStrategyInput)" line-rate="1" branch-rate="1" complexity="10">
              <lines>
                <line number="21" hits="7" branch="False" />
                <line number="22" hits="17" branch="False" />
                <line number="24" hits="7" branch="True" condition-coverage="100% (2/2)">
                  <conditions>
                    <condition number="68" type="jump" coverage="100%" />
                  </conditions>
                </line>
                <line number="25" hits="2" branch="False" />
                <line number="27" hits="5" branch="False" />
                <line number="28" hits="5" branch="False" />
                <line number="29" hits="13" branch="False" />
                <line number="31" hits="5" branch="True" condition-coverage="100% (2/2)">
                  <conditions>
                    <condition number="169" type="jump" coverage="100%" />
                  </conditions>
                </line>
                <line number="32" hits="1" branch="False" />
                <line number="33" hits="1" branch="False" />
                <line number="35" hits="10" branch="False" />
                <line number="36" hits="4" branch="True" condition-coverage="100% (2/2)">
                  <conditions>
                    <condition number="282" type="jump" coverage="100%" />
                  </conditions>
                </line>
                <line number="37" hits="1" branch="False" />
                <line number="38" hits="1" branch="False" />
                <line number="40" hits="3" branch="True" condition-coverage="100% (4/4)">
                  <conditions>
                    <condition number="353" type="jump" coverage="100%" />
                    <condition number="399" type="jump" coverage="100%" />
                  </conditions>
                </line>
                <line number="41" hits="5" branch="False" />
                <line number="42" hits="1" branch="False" />
                <line number="44" hits="2" branch="False" />
                <line number="45" hits="2" branch="False" />
              </lines>
            </method>
            <method name="BuildVote" signature="(Votify.Domain.Factory.VoteCreator,Votify.Domain.VoteFolder.VotingSession,Votify.Domain.VoteFolder.Strategies.VoteStrategyInput,Votify.Domain.VoteFolder.Strategies.PointAllocationInput)" line-rate="1" branch-rate="1" complexity="1">
              <lines>
                <line number="66" hits="5" branch="False" />
                <line number="67" hits="5" branch="False" />
                <line number="68" hits="5" branch="False" />
                <line number="69" hits="5" branch="False" />
                <line number="70" hits="5" branch="False" />
                <line number="71" hits="5" branch="False" />
                <line number="72" hits="5" branch="False" />
                <line number="73" hits="5" branch="False" />
                <line number="74" hits="5" branch="False" />
                <line number="75" hits="5" branch="False" />
                <line number="76" hits="5" branch="False" />
                <line number="77" hits="5" branch="False" />
              </lines>
            </method>
            <method name="NormalizeComment" signature="(System.String)" line-rate="1" branch-rate="1" complexity="2">
              <lines>
                <line number="80" hits="5" branch="True" condition-coverage="100% (2/2)">
                  <conditions>
                    <condition number="6" type="jump" coverage="100%" />
                  </conditions>
                </line>
              </lines>
            </method>
            <method name=".ctor" signature="(Votify.Domain.VoteFolder.IVoteRepository,Votify.Domain.Factory.VoteCreatorFactory)" line-rate="1" branch-rate="1" complexity="1">
              <lines>
                <line number="10" hits="30" branch="False" />
                <line number="11" hits="30" branch="False" />
                <line number="12" hits="30" branch="False" />
                <line number="13" hits="30" branch="False" />
                <line number="14" hits="30" branch="False" />
                <line number="15" hits="30" branch="False" />
                <line number="16" hits="30" branch="False" />
              </lines>
            </method>
          </methods>
          <lines>
            <line number="18" hits="19" branch="False" />
            <line number="21" hits="7" branch="False" />
            <line number="22" hits="17" branch="False" />
[...]
            <method name="get_CloseAt" signature="()" line-rate="1" branch-rate="1" complexity="1">
              <lines>
                <line number="285" hits="35" branch="False" />
              </lines>
            </method>
            <method name="get_ReminderMinutesBeforeClose" signature="()" line-rate="0" branch-rate="1" complexity="1">
              <lines>
                <line number="286" hits="0" branch="False" />
              </lines>
            </method>
            <method name="get_Criteria" signature="()" line-rate="1" branch-rate="1" complexity="1">
              <lines>
                <line number="287" hits="74" branch="False" />
              </lines>
            </method>
            <method name="get_Prizes" signature="()" line-rate="1" branch-rate="1" complexity="1">
              <lines>
                <line number="288" hits="102" branch="False" />
              </lines>
            </method>
            <method name="get_JurorEmails" signature="()" line-rate="1" branch-rate="1" complexity="1">
              <lines>
                <line number="289" hits="40" branch="False" />
              </lines>
            </method>
          </methods>
          <lines>
            <line number="273" hits="35" branch="False" />
            <line number="274" hits="14" branch="False" />
            <line number="275" hits="71" branch="False" />
            <line number="276" hits="80" branch="False" />
            <line number="277" hits="14" branch="False" />
            <line number="278" hits="90" branch="False" />
            <line number="279" hits="23" branch="False" />
            <line number="280" hits="22" branch="False" />
            <line number="281" hits="14" branch="False" />
            <line number="282" hits="14" branch="False" />
            <line number="283" hits="14" branch="False" />
            <line number="284" hits="35" branch="False" />
            <line number="285" hits="35" branch="False" />
            <line number="286" hits="0" branch="False" />
            <line number="287" hits="74" branch="False" />
            <line number="288" hits="102" branch="False" />
            <line number="289" hits="40" branch="False" />
          </lines>
        </class>
        <class name="Votify.Domain.CategoryFolder.CreateCriterionData" filename="CategoryFolder\CategoryService.cs" line-rate="0.6666" branch-rate="1" complexity="3">
          <methods>
            <method name="get_Name" signature="()" line-rate="1" branch-rate="1" complexity="1">
              <lines>
                <line number="294" hits="2" branch="False" />
              </lines>
            </method>
            <method name="get_Description" signature="()" line-rate="0" branch-rate="1" complexity="1">
              <lines>
                <line number="295" hits="0" branch="False" />
              </lines>
            </method>
            <method name="get_Weight" signature="()" line-rate="1" branch-rate="1" complexity="1">
              <lines>
                <line number="296" hits="2" branch="False" />
              </lines>
            </method>
          </methods>
          <lines>
            <line number="294" hits="2" branch="False" />
            <line number="295" hits="0" branch="False" />
            <line number="296" hits="2" branch="False" />
          </lines>
        </class>
        <class name="Votify.Domain.CategoryFolder.CreatePrizeData" filename="CategoryFolder\CategoryService.cs" line-rate="1" branch-rate="1" complexity="3">
          <methods>
            <method name="get_Position" signature="()" line-rate="1" branch-rate="1" complexity="1">
              <lines>
                <line number="301" hits="21" branch="False" />
              </lines>
            </method>
            <method name="get_Name" signature="()" line-rate="1" branch-rate="1" complexity="1">
              <lines>
                <line number="302" hits="34" branch="False" />
              </lines>
            </method>
            <method name="get_Description" signature="()" line-rate="1" branch-rate="1" complexity="1">
              <lines>
                <line number="303" hits="1" branch="False" />
              </lines>
            </method>
          </methods>
          <lines>
            <line number="301" hits="21" branch="False" />
            <line number="302" hits="34" branch="False" />
            <line number="303" hits="1" branch="False" />
          </lines>
        </class>
        <class name="Votify.Domain.CategoryFolder.Criterion" filename="CategoryFolder\Criterion.cs" line-rate="0" branch-rate="1" complexity="8">
          <methods>
            <method name="get_Id" signature="()" line-rate="0" branch-rate="1" complexity="1">
              <lines>
                <line number="15" hits="0" branch="False" />
              </lines>
            </method>
            <method name="get_VotingSessionId" signature="()" line-rate="0" branch-rate="1" complexity="1">
              <lines>
                <line number="16" hits="0" branch="False" />
              </lines>
            </method>
            <method name="get_Name" signature="()" line-rate="0" branch-rate="1" complexity="1">
              <lines>
                <line number="17" hits="0" branch="False" />
              </lines>
            </method>
            <method name="get_Weight" signature="()" line-rate="0" branch-rate="1" complexity="1">
              <lines>
                <line number="18" hits="0" branch="False" />
              </lines>
            </method>
            <method name="get_Description" signature="()" line-rate="0" branch-rate="1" complexity="1">
              <lines>
                <line number="19" hits="0" branch="False" />
              </lines>
            </method>
            <method name="get_VotingSession" signature="()" line-rate="0" branch-rate="1" complexity="1">
              <lines>
                <line number="21" hits="0" branch="False" />
              </lines>
            </method>
            <method name=".ctor" signature="()" line-rate="0" branch-rate="1" complexity="1">
              <lines>
                <line number="23" hits="0" branch="False" />
              </lines>
            </method>
            <method name=".ctor" signature="(System.String,System.String,System.Double,System.String)" line-rate="0" branch-rate="1" complexity="1">
              <lines>
                <line number="25" hits="0" branch="False" />
                <line number="26" hits="0" branch="False" />
                <line number="27" hits="0" branch="False" />
                <line number="28" hits="0" branch="False" />
                <line number="29" hits="0" branch="False" />
                <line number="30" hits="0" branch="False" />
                <line number="31" hits="0" branch="False" />
                <line number="32" hits="0" branch="False" />
                <line number="33" hits="0" branch="False" />
              </lines>
            </method>
          </methods>
          <lines>
            <line number="15" hits="0" branch="False" />
            <line number="16" hits="0" branch="False" />
            <line number="17" hits="0" branch="False" />
            <line number="18" hits="0" branch="False" />
            <line number="19" hits="0" branch="False" />
            <line number="21" hits="0" branch="False" />
            <line number="23" hits="0" branch="False" />
            <line number="25" hits="0" branch="False" />
            <line number="26" hits="0" branch="False" />
            <line number="27" hits="0" branch="False" />
            <line number="28" hits="0" branch="False" />
            <line number="29" hits="0" branch="False" />
            <line number="30" hits="0" branch="False" />
            <line number="31" hits="0" branch="False" />
            <line number="32" hits="0" branch="False" />
            <line number="33" hits="0" branch="False" />
          </lines>
        </class>
        <class name="Votify.Domain.CategoryFolder.Prize" filename="CategoryFolder\Prize.cs" line-rate="0.8665999999999999" branch-rate="1" complexity="8">
          <methods>
            <method name="get_Id" signature="()" line-rate="1" branch-rate="1" complexity="1">
              <lines>
                <line number="8" hits="1" branch="False" />
              </lines>
            </method>
            <method name="get_VotingSessionId" signature="()" line-rate="1" branch-rate="1" complexity="1">
              <lines>
                <line number="9" hits="1" branch="False" />
              </lines>
            </method>
            <method name="get_Position" signature="()" line-rate="1" branch-rate="1" complexity="1">
              <lines>
                <line number="10" hits="1" branch="False" />
              </lines>
            </method>
            <method name="get_Name" signature="()" line-rate="1" branch-rate="1" complexity="1">
              <lines>
                <line number="11" hits="1" branch="False" />
              </lines>
            </method>
            <method name="get_Description" signature="()" line-rate="1" branch-rate="1" complexity="1">
              <lines>
                <line number="12" hits="1" branch="False" />
              </lines>
            </method>
            <method name="get_VotingSession" signature="()" line-rate="0" branch-rate="1" complexity="1">
              <lines>
                <line number="14" hits="0" branch="False" />
              </lines>
            </method>
            <method name=".ctor" signature="()" line-rate="0" branch-rate="1" complexity="1">
              <lines>
                <line number="16" hits="0" branch="False" />
              </lines>
            </method>
            <method name=".ctor" signature="(System.String,System.Int32,System.String,System.String)" line-rate="1" branch-rate="1" complexity="1">
              <lines>
                <line number="18" hits="1" branch="False" />
                <line number="19" hits="1" branch="False" />
                <line number="20" hits="1" branch="False" />
                <line number="21" hits="1" branch="False" />
                <line number="22" hits="1" branch="False" />
                <line number="23" hits="1" branch="False" />
                <line number="24" hits="1" branch="False" />
                <line number="25" hits="1" branch="False" />
              </lines>
            </method>
          </methods>
          <lines>
            <line number="8" hits="1" branch="False" />
            <line number="9" hits="1" branch="False" />
            <line number="10" hits="1" branch="False" />
            <line number="11" hits="1" branch="False" />
            <line number="12" hits="1" branch="False" />
            <line number="14" hits="0" branch="False" />
            <line number="16" hits="0" branch="False" />
            <line number="18" hits="1" branch="False" />
            <line number="19" hits="1" branch="False" />
            <line number="20" hits="1" branch="False" />
            <line number="21" hits="1" branch="False" />
            <line number="22" hits="1" branch="False" />
            <line number="23" hits="1" branch="False" />
            <line number="24" hits="1" branch="False" />
            <line number="25" hits="1" branch="False" />
          </lines>
        </class>
        <class name="Votify.Domain.AuditFolder.AuditRequest" filename="AuditFolder\AuditRequest.cs" line-rate="0.875" branch-rate="1" complexity="5">
          <methods>
            <method name="get_Id" signature="()" line-rate="1" branch-rate="1" complexity="1">
              <lines>
                <line number="5" hits="2" branch="False" />
              </lines>
            </method>
            <method name="get_ProjectId" signature="()" line-rate="1" branch-rate="1" complexity="1">
              <lines>
                <line number="6" hits="5" branch="False" />
              </lines>
            </method>
            <method name="get_RequestedAt" signature="()" line-rate="1" branch-rate="1" complexity="1">
              <lines>
                <line number="7" hits="2" branch="False" />
              </lines>
            </method>
            <method name=".ctor" signature="()" line-rate="0" branch-rate="1" complexity="1">
              <lines>
                <line number="9" hits="0" branch="False" />
              </lines>
            </method>
            <method name=".ctor" signature="(System.String)" line-rate="1" branch-rate="1" complexity="1">
              <lines>
                <line number="11" hits="2" branch="False" />
                <line number="12" hits="2" branch="False" />
                <line number="13" hits="2" branch="False" />
                <line number="14" hits="2" branch="False" />
              </lines>
            </method>
          </methods>
          <lines>
            <line number="5" hits="2" branch="False" />
            <line number="6" hits="5" branch="False" />
            <line number="7" hits="2" branch="False" />
            <line number="9" hits="0" branch="False" />
            <line number="11" hits="2" branch="False" />
            <line number="12" hits="2" branch="False" />
            <line number="13" hits="2" branch="False" />
            <line number="14" hits="2" branch="False" />
          </lines>
        </class>
        <class name="Votify.Domain.AuditFolder.AuditService" filename="AuditFolder\AuditService.cs" line-rate="1" branch-rate="1" complexity="3">
          <methods>
            <method name="GetRequestedProjectIdsAsync" signature="()" line-rate="1" branch-rate="1" complexity="1">
              <lines>
                <line number="39" hits="2" branch="False" />
              </lines>
            </method>
            <method name="GetDashboardByEventAsync" signature="(System.String)" line-rate="1" branch-rate="1" complexity="1">
              <lines>
                <line number="42" hits="3" branch="False" />
              </lines>
            </method>
            <method name=".ctor" signature="(Votify.Domain.AuditFolder.IAuditRequestRepository,Votify.Domain.VoteFolder.IVoteRepository)" line-rate="1" branch-rate="1" complexity="1">
              <lines>
                <line number="10" hits="13" branch="False" />
                <line number="11" hits="13" branch="False" />
                <line number="12" hits="13" branch="False" />
                <line number="13" hits="13" branch="False" />
                <line number="14" hits="13" branch="False" />
              </lines>
            </method>
          </methods>
          <lines>
            <line number="39" hits="2" branch="False" />
            <line number="42" hits="3" branch="False" />
            <line number="10" hits="13" branch="False" />
            <line number="11" hits="13" branch="False" />
            <line number="12" hits="13" branch="False" />
            <line number="13" hits="13" branch="False" />
            <line number="14" hits="13" branch="False" />
          </lines>
        </class>
        <class name="Votify.Domain.AuditFolder.AuditService/&lt;&gt;c" filename="AuditFolder\AuditService.cs" line-rate="1" branch-rate="1" complexity="1">
          <methods>
            <method name="&lt;GetProjectAuditAsync&gt;b__3_0" signature="(Votify.Domain.VoteFolder.Vote)" line-rate="1" branch-rate="1" complexity="1">
              <lines>
                <line number="20" hits="5" branch="False" />
                <line number="21" hits="5" branch="False" />
                <line number="22" hits="5" branch="False" />
                <line number="23" hits="5" branch="False" />
                <line number="24" hits="5" branch="False" />
                <line number="25" hits="5" branch="False" />
              </lines>
            </method>
          </methods>
          <lines>
            <line number="20" hits="5" branch="False" />
            <line number="21" hits="5" branch="False" />
            <line number="22" hits="5" branch="False" />
            <line number="23" hits="5" branch="False" />
            <line number="24" hits="5" branch="False" />
            <line number="25" hits="5" branch="False" />
          </lines>
        </class>
        <class name="Votify.Domain.AuditFolder.AuditService/&lt;GetProjectAuditAsync&gt;d__3" filename="AuditFolder\AuditService.cs" line-rate="1" branch-rate="1" complexity="1">
          <methods>
            <method name="MoveNext" signature="()" line-rate="1" branch-rate="1" complexity="1">
              <lines>
                <line number="17" hits="5" branch="False" />
                <line number="18" hits="5" branch="False" />
                <line number="19" hits="5" branch="False" />
                <line number="26" hits="5" branch="False" />
                <line number="27" hits="5" branch="False" />
              </lines>
            </method>
          </methods>
          <lines>
            <line number="17" hits="5" branch="False" />
            <line number="18" hits="5" branch="False" />
            <line number="19" hits="5" branch="False" />
            <line number="26" hits="5" branch="False" />
            <line number="27" hits="5" branch="False" />
          </lines>
        </class>
        <class name="Votify.Domain.AuditFolder.AuditService/&lt;RequestAuditAsync&gt;d__4" filename="AuditFolder\AuditService.cs" line-rate="1" branch-rate="1" complexity="2">
          <methods>
            <method name="MoveNext" signature="()" line-rate="1" branch-rate="1" complexity="2">
              <lines>
                <line number="30" hits="3" branch="False" />
                <line number="31" hits="3" branch="False" />
                <line number="32" hits="4" branch="True" condition-coverage="100% (2/2)">
                  <conditions>
                    <condition number="177" type="jump" coverage="100%" />
                  </conditions>
                </line>
                <line number="34" hits="2" branch="False" />
                <line number="35" hits="2" branch="False" />
                <line number="36" hits="3" branch="False" />
              </lines>
            </method>
          </methods>
          <lines>
            <line number="30" hits="3" branch="False" />
            <line number="31" hits="3" branch="False" />
            <line number="32" hits="4" branch="True" condition-coverage="100% (2/2)">
              <conditions>
                <condition number="177" type="jump" coverage="100%" />
              </conditions>
            </line>
            <line number="34" hits="2" branch="False" />
            <line number="35" hits="2" branch="False" />
            <line number="36" hits="3" branch="False" />
          </lines>
        </class>
        <class name="Votify.Domain.AuditFolder.AuditTrailEntry" filename="AuditFolder\AuditService.cs" line-rate="1" branch-rate="1" complexity="1">
          <methods>
            <method name="get_Voter" signature="()" line-rate="1" branch-rate="1" complexity="1">
              <lines>
                <line number="45" hits="12" branch="False" />
              </lines>
            </method>
          </methods>
          <lines>
            <line number="45" hits="12" branch="False" />
          </lines>
        </class>
        <class name="Votify.Domain.AuditFolder.AuditDashboardItem" filename="AuditFolder\IAuditRequestRepository.cs" line-rate="1" branch-rate="1" complexity="1">
          <methods>
            <method name="get_AuditId" signature="()" line-rate="1" branch-rate="1" complexity="1">
              <lines>
                <line number="12" hits="4" branch="False" />
              </lines>
            </method>
          </methods>
          <lines>
            <line number="12" hits="4" branch="False" />
          </lines>
        </class>
      </classes>
    </package>
  </packages>
</coverage>